<?xml version="1.0" encoding="UTF-8"?>
<testsuite xmlns:xsi="http://www.w3.org/2001/XMLSchema-instance" xsi:noNamespaceSchemaLocation="https://maven.apache.org/surefire/maven-surefire-plugin/xsd/surefire-test-report-3.0.xsd" version="3.0" name="TestSuite" time="14.674" tests="3" errors="0" skipped="0" failures="0">
  <properties>
[...]
</properties>
  <testcase name="runScenario[&quot;Create a new public Gist with a single file&quot;, &quot;Create a Gist&quot;](1)" classname="Runners.TestRunner" time="8.871">
    <system-out><![CDATA[
@CreateGist @group1
Scenario: Create a new public Gist with a single file         &amp#27;[90m# src/test/resources/CreateGist.feature:8&amp#27;[0m
  &amp#27;[32mGiven &amp#27;[0m&amp#27;[32mI have a valid Github access token&amp#27;[0m                    &amp#27;[90m# StepDefinitions.StepsCreate.setupValidTokenRequest()&amp#27;[0m
  &amp#27;[32mWhen &amp#27;[0m&amp#27;[32mI create a new public Gist with the following details:&amp#27;[0m &amp#27;[90m# StepDefinitions.StepsCreate.createPublicGistWithDetails(io.cucumber.datatable.DataTable)&amp#27;[0m
    | Filename  | Content    | Description      |
    | file1.txt | file1 data | PUBLIC Gist File |
  &amp#27;[32mThen &amp#27;[0m&amp#27;[32mthe response code should be 201&amp#27;[0m                        &amp#27;[90m# StepDefinitions.StepsCreate.checkResponse201()&amp#27;[0m
  &amp#27;[32mAnd &amp#27;[0m&amp#27;[32mthe Gist details should match the input details&amp#27;[0m         &amp#27;[90m# StepDefinitions.StepsCreate.checkInputMatching()&amp#27;[0m
  &amp#27;[32mAnd &amp#27;[0m&amp#27;[32mthe Gist should be retrievable by its id&amp#27;[0m                &amp#27;[90m# StepDefinitions.StepsCreate.retrieveGistById()&amp#27;[0m
]]></system-out>
    <system-err><![CDATA[SLF4J: Failed to load class "org.slf4j.impl.StaticLoggerBinder".
SLF4J: Defaulting to no-operation (NOP) logger implementation
SLF4J: See http://www.slf4j.org/codes.html#StaticLoggerBinder for further details.
]]></system-err>
  </testcase>
  <testcase name="runScenario[&quot;Create a new private Gist with multiple files&quot;, &quot;Create a Gist&quot;](2)" classname="Runners.TestRunner" time="1.744">
    <system-out><![CDATA[
@CreateGist @group1
Scenario: Create a new private Gist with multiple files        &amp#27;[90m# src/test/resources/CreateGist.feature:17&amp#27;[0m
  &amp#27;[32mGiven &amp#27;[0m&amp#27;[32mI have a valid Github access token&amp#27;[0m                     &amp#27;[90m# StepDefinitions.StepsCreate.setupValidTokenRequest()&amp#27;[0m
  &amp#27;[32mWhen &amp#27;[0m&amp#27;[32mI create a new private Gist with the following details:&amp#27;[0m &amp#27;[90m# StepDefinitions.StepsCreate.createPrivateGistWithDetails(io.cucumber.datatable.DataTable)&amp#27;[0m
    | Filename  | Content    |
    | file1.txt | file1 data |
    | file2.txt | file2 data |
  &amp#27;[32mThen &amp#27;[0m&amp#27;[32mthe response code should be 201&amp#27;[0m                         &amp#27;[90m# StepDefinitions.StepsCreate.checkResponse201()&amp#27;[0m
  &amp#27;[32mAnd &amp#27;[0m&amp#27;[32mthe private Gist details should match the input details&amp#27;[0m  &amp#27;[90m# StepDefinitions.StepsCreate.checkInputMatchingPrivateGist()&amp#27;[0m
  &amp#27;[32mAnd &amp#27;[0m&amp#27;[32mthe Gist should be retrievable by its id&amp#27;[0m                 &amp#27;[90m# StepDefinitions.StepsCreate.retrieveGistById()&amp#27;[0m
]]></system-out>
  </testcase>
  <testcase name="runScenario[&quot;Create a new public Gist with an empty file&quot;, &quot;Create a Gist&quot;](3)" classname="Runners.TestRunner" time="0.56">
    <system-out><![CDATA[
@CreateGist @group1
Scenario: Create a new public Gist with an empty file         &amp#27;[90m# src/test/resources/CreateGist.feature:27&amp#27;[0m
  &amp#27;[32mGiven &amp#27;[0m&amp#27;[32mI have a valid Github access token&amp#27;[0m                    &amp#27;[90m# StepDefinitions.StepsCreate.setupValidTokenRequest()&amp#27;[0m
  &amp#27;[32mWhen &amp#27;[0m&amp#27;[32mI create a new Gist with an empty file&amp#27;[0m                 &amp#27;[90m# StepDefinitions.StepsCreate.createGistWithNameAsContent()&amp#27;[0m
  &amp#27;[32mThen &amp#27;[0m&amp#27;[32mthe response code should be 422&amp#27;[0m                        &amp#27;[90m# StepDefinitions.StepsCreate.checkResponse422()&amp#27;[0m
  &amp#27;[32mAnd &amp#27;[0m&amp#27;[32mthe response message should include <&amp#27;[0m&amp#27;[32m&amp#27;[1m"Invalid request"&amp#27;[0m&amp#27;[32m>&amp#27;[0m &amp#27;[90m# StepDefinitions.StepsCreate.theMessageShouldInclude(java.lang.String)&amp#27;[0m
]]></system-out>
  </testcase>
</testsuite>