<?xml version="1.0" encoding="UTF-8"?>
<testng-results ignored="0" total="3" passed="3" failed="0" skipped="0">
  <reporter-output>
  </reporter-output>
  <suite started-at="2023-03-29T18:55:14 EEST" name="Surefire suite" finished-at="2023-03-29T18:55:28 EEST" duration-ms="13511">
    <groups>
      <group name="cucumber">
        <method signature="AbstractTestNGCucumberTests.runScenario(io.cucumber.testng.PickleWrapper,io.cucumber.testng.FeatureWrapper)[pri:0, instance:Runners.TestRunner@769e7ee8]" name="runScenario" class="io.cucumber.testng.AbstractTestNGCucumberTests"/>
      </group> <!-- cucumber -->
    </groups>
    <test started-at="2023-03-29T18:55:14 EEST" name="Surefire test" finished-at="2023-03-29T18:55:28 EEST" duration-ms="13511">
      <class name="Runners.TestRunner">
        <test-method is-config="true" signature="setUpClass(org.testng.ITestContext)[pri:0, instance:Runners.TestRunner@769e7ee8]" started-at="2023-03-29T18:55:14 EEST" name="setUpClass" finished-at="2023-03-29T18:55:16 EEST" duration-ms="2119" status="PASS">
          <params>
            <param index="0">
              <value>
                <![CDATA[org.testng.TestRunner@356b6b5d]]>
              </value>
            </param>
          </params>
          <reporter-output>
          </reporter-output>
        </test-method> <!-- setUpClass -->
        <test-method signature="runScenario(io.cucumber.testng.PickleWrapper,io.cucumber.testng.FeatureWrapper)[pri:0, instance:Runners.TestRunner@769e7ee8]" started-at="2023-03-29T18:55:16 EEST" name="runScenario" description="Runs Cucumber Scenarios" data-provider="scenarios" finished-at="2023-03-29T18:55:25 EEST" duration-ms="8863" status="PASS">
          <params>
            <param index="0">
              <value>
                <![CDATA["Create a new public Gist with a single file"]]>
              </value>
            </param>
            <param index="1">
              <value>
                <![CDATA["Create a Gist"]]>
              </value>
            </param>
          </params>
          <reporter-output>
          </reporter-output>
        </test-method> <!-- runScenario -->
        <test-method signature="runScenario(io.cucumber.testng.PickleWrapper,io.cucumber.testng.FeatureWrapper)[pri:0, instance:Runners.TestRunner@769e7ee8]" started-at="2023-03-29T18:55:25 EEST" name="runScenario" description="Runs Cucumber Scenarios" data-provider="scenarios" finished-at="2023-03-29T18:55:27 EEST" duration-ms="1747" status="PASS">
          <params>
            <param index="0">
              <value>
                <![CDATA["Create a new private Gist with multiple files"]]>
              </value>
            </param>
            <param index="1">
              <value>
                <![CDATA["Create a Gist"]]>
              </value>
            </param>
          </params>
          <reporter-output>
          </reporter-output>
        </test-method> <!-- runScenario -->
        <test-method signature="runScenario(io.cucumber.testng.PickleWrapper,io.cucumber.testng.FeatureWrapper)[pri:0, instance:Runners.TestRunner@769e7ee8]" started-at="2023-03-29T18:55:27 EEST" name="runScenario" description="Runs Cucumber Scenarios" data-provider="scenarios" finished-at="2023-03-29T18:55:27 EEST" duration-ms="558" status="PASS">
          <params>
            <param index="0">
              <value>
                <![CDATA["Create a new public Gist with an empty file"]]>
              </value>
            </param>
            <param index="1">
              <value>
                <![CDATA["Create a Gist"]]>
              </value>
            </param>
          </params>
          <reporter-output>
          </reporter-output>
        </test-method> <!-- runScenario -->
        <test-method is-config="true" signature="tearDownClass()[pri:0, instance:Runners.TestRunner@769e7ee8]" started-at="2023-03-29T18:55:27 EEST" name="tearDownClass" finished-at="2023-03-29T18:55:28 EEST" duration-ms="93" status="PASS">
          <reporter-output>
          </reporter-output>
        </test-method> <!-- tearDownClass -->
      </class> <!-- Runners.TestRunner -->
    </test> <!-- Surefire test -->
  </suite> <!-- Surefire suite -->
</testng-results>
